<?xml version="1.0" encoding="UTF-8"?>
<testng-results ignored="0" total="2" passed="2" failed="0" skipped="0">
  <reporter-output>
  </reporter-output>
  <suite started-at="2022-11-21T21:36:05 EET" name="Default suite" finished-at="2022-11-21T21:36:15 EET" duration-ms="9790">
    <groups>
    </groups>
    <test started-at="2022-11-21T21:36:05 EET" name="Default test" finished-at="2022-11-21T21:36:15 EET" duration-ms="9790">
      <class name="lesson14.SwagLabLesson">
        <test-method is-config="true" signature="login_test()[pri:0, instance:lesson14.SwagLabLesson@55b699ef]" started-at="2022-11-21T21:36:05 EET" name="login_test" finished-at="2022-11-21T21:36:08 EET" duration-ms="3238" status="PASS">
          <reporter-output>
          </reporter-output>
        </test-method> <!-- login_test -->
        <test-method signature="sorting_low_to_high()[pri:1, instance:lesson14.SwagLabLesson@55b699ef]" started-at="2022-11-21T21:36:08 EET" name="sorting_low_to_high" finished-at="2022-11-21T21:36:10 EET" duration-ms="2287" status="PASS">
          <reporter-output>
          </reporter-output>
        </test-method> <!-- sorting_low_to_high -->
        <test-method signature="sorting_high_to_low()[pri:2, instance:lesson14.SwagLabLesson@55b699ef]" started-at="2022-11-21T21:36:10 EET" name="sorting_high_to_low" finished-at="2022-11-21T21:36:15 EET" duration-ms="4207" status="PASS">
          <reporter-output>
          </reporter-output>
        </test-method> <!-- sorting_high_to_low -->
      </class> <!-- lesson14.SwagLabLesson -->
    </test> <!-- Default test -->
  </suite> <!-- Default suite -->
</testng-results>
